<?xml version="1.0" encoding="UTF-8"?>
<testng-results skipped="0" failed="0" ignored="0" total="1" passed="1">
  <reporter-output>
  </reporter-output>
  <suite name="Default suite" duration-ms="15854" started-at="2018-03-29T19:48:18Z" finished-at="2018-03-29T19:48:34Z">
    <groups>
    </groups>
    <test name="Default test" duration-ms="15854" started-at="2018-03-29T19:48:18Z" finished-at="2018-03-29T19:48:34Z">
      <class name="HA.TestExecute.Library">
        <test-method status="PASS" signature="beforeTest()[pri:0, instance:HA.TestExecute.Library@4b9e13df]" name="beforeTest" is-config="true" duration-ms="14376" started-at="2018-03-30T01:18:18Z" finished-at="2018-03-30T01:18:32Z">
          <reporter-output>
          </reporter-output>
        </test-method> <!-- beforeTest -->
        <test-method status="PASS" signature="ftest()[pri:0, instance:HA.TestExecute.Library@4b9e13df]" name="ftest" duration-ms="1455" started-at="2018-03-30T01:18:32Z" finished-at="2018-03-30T01:18:34Z">
          <reporter-output>
          </reporter-output>
        </test-method> <!-- ftest -->
      </class> <!-- HA.TestExecute.Library -->
    </test> <!-- Default test -->
  </suite> <!-- Default suite -->
</testng-results>
